<?xml version="1.0" encoding="UTF-8"?>
<testsuite xmlns:xsi="http://www.w3.org/2001/XMLSchema-instance" xsi:noNamespaceSchemaLocation="https://maven.apache.org/surefire/maven-surefire-plugin/xsd/surefire-test-report-3.0.xsd" version="3.0" name="features.KarateTest" time="9.621" tests="1" errors="0" skipped="0" failures="0">
  <properties>
[...]
</properties>
  <testcase name="testParallel" classname="features.KarateTest" time="9.588">
    <system-out><![CDATA[17:01:39.709 [main] DEBUG com.intuit.karate.Suite - [config] classpath:karate-config.js
17:01:39.718 [main] INFO  com.intuit.karate.Suite - backed up existing 'target\karate-reports' dir to: target\karate-reports_1768161699715
17:01:39.724 [main] DEBUG com.intuit.karate.Suite - waiting for 3 features to complete
17:01:41.112 [pool-2-thread-1] INFO  com.intuit.karate - karate.env system property was: null 
17:01:41.115 [pool-2-thread-1] INFO  com.intuit.karate - karate.env system property was: null 
17:01:41.818 [pool-2-thread-1] DEBUG com.intuit.karate - request:
1 > POST https://bookstore.demoqa.com/Account/v1/User
1 > Content-Type: application/json; charset=UTF-8
1 > Content-Length: 62
1 > Host: bookstore.demoqa.com
1 > Connection: Keep-Alive
1 > User-Agent: Apache-HttpClient/4.5.14 (Java/25.0.1)
1 > Accept-Encoding: gzip,deflate
{"userName":"Aurora Marques","password":"XZ7uADGWW3Tss8I1rs^"}

17:01:44.218 [pool-2-thread-1] DEBUG com.intuit.karate - response time in milliseconds: 2395
1 < 201
1 < Server: nginx/1.17.10 (Ubuntu)
1 < Date: Sun, 11 Jan 2026 20:01:42 GMT
1 < Content-Type: application/json; charset=utf-8
1 < Content-Length: 88
1 < Connection: keep-alive
1 < X-Powered-By: Express
1 < ETag: W/"58-UlupjHU515Zpc0g9v9MK0EsawXI"
{"userID":"95b3d83b-e78f-4902-9b48-25fa0f467321","username":"Aurora Marques","books":[]}

17:01:44.240 [pool-2-thread-1] DEBUG com.intuit.karate - request:
1 > POST https://bookstore.demoqa.com/Account/v1/GenerateToken
1 > Content-Type: application/json; charset=UTF-8
1 > Content-Length: 62
1 > Host: bookstore.demoqa.com
1 > Connection: Keep-Alive
1 > User-Agent: Apache-HttpClient/4.5.14 (Java/25.0.1)
1 > Accept-Encoding: gzip,deflate
{"userName":"Aurora Marques","password":"XZ7uADGWW3Tss8I1rs^"}

17:01:45.725 [pool-2-thread-1] DEBUG com.intuit.karate - response time in milliseconds: 1483
1 < 200
1 < Server: nginx/1.17.10 (Ubuntu)
1 < Date: Sun, 11 Jan 2026 20:01:44 GMT
1 < Content-Type: application/json; charset=utf-8
1 < Content-Length: 296
1 < Connection: keep-alive
1 < X-Powered-By: Express
1 < ETag: W/"128-2DCQN/0yOsXMAxVTanoHbrQDacU"
{"token":"eyJhbGciOiJIUzI1NiIsInR5cCI6IkpXVCJ9.eyJ1c2VyTmFtZSI6IkF1cm9yYSBNYXJxdWVzIiwicGFzc3dvcmQiOiJYWjd1QURHV1czVHNzOEkxcnNeIiwiaWF0IjoxNzY4MTYxNzAzfQ.2KzCQBU4aDcEGT8Czo7TrU2th5VE6GpcFpnECIfVue8","expires":"2026-01-18T20:01:43.786Z","status":"Success","result":"User authorized successfully."}

17:01:45.756 [pool-2-thread-1] DEBUG com.intuit.karate - request:
1 > DELETE https://bookstore.demoqa.com/Account/v1/User/95b3d83b-e78f-4902-9b48-25fa0f467321
1 > Content-Type: application/json
1 > Host: bookstore.demoqa.com
1 > Connection: Keep-Alive
1 > User-Agent: Apache-HttpClient/4.5.14 (Java/25.0.1)
1 > Accept-Encoding: gzip,deflate


17:01:46.775 [pool-2-thread-1] DEBUG com.intuit.karate - response time in milliseconds: 1017
1 < 401
1 < Server: nginx/1.17.10 (Ubuntu)
1 < Date: Sun, 11 Jan 2026 20:01:45 GMT
1 < Content-Type: application/json; charset=utf-8
1 < Content-Length: 48
1 < Connection: keep-alive
1 < X-Powered-By: Express
1 < ETag: W/"30-V67npMN18Zy3bnk1xW2xtLGgx8c"
{"code":"1200","message":"User not authorized!"}

---------------------------------------------------------
feature: classpath:features/account/deletar-usuario.feature
scenarios:  1 | passed:  1 | failed:  0 | time: 5,6097
---------------------------------------------------------

17:01:47.751 [pool-3-thread-1] INFO  com.intuit.karate.Suite - <<pass>> feature 2 of 3 (1 remaining) classpath:features/account/deletar-usuario.feature
Karate version: 1.5.0
======================================================
elapsed:   8,99 | threads:    5 | thread time: 5,61 
features:     1 | skipped:    2 | efficiency: 0,12
scenarios:    1 | passed:     1 | failed: 0
======================================================

HTML report: (paste into browser to view) | Karate version: 1.5.0
file:///C:/Users/ericm/OneDrive/Área%20de%20Trabalho/projeto_accenture/Desafio3_Accenture/target/karate-reports/karate-summary.html
===================================================================

]]></system-out>
  </testcase>
</testsuite>